This is XeTeX, Version 3.1415926-2.2-0.9995.2 (TeX Live 2009/Debian) (format=xelatex 2013.6.16)  29 JUN 2013 20:13
entering extended mode
 %&-line parsing enabled.
**sysvinit-main.tex
(./sysvinit-main.tex
LaTeX2e <2009/09/24>
Babel <v3.8l> and hyphenation patterns for english, usenglishmax, dumylang, noh
yphenation, pinyin, loaded.
(/usr/share/texmf-texlive/tex/latex/base/book.cls
Document Class: book 2007/10/19 v1.4h Standard LaTeX document class
(/usr/share/texmf-texlive/tex/latex/base/bk12.clo
File: bk12.clo 2007/10/19 v1.4h Standard LaTeX file (size option)
)
\c@part=\count80
\c@chapter=\count81
\c@section=\count82
\c@subsection=\count83
\c@subsubsection=\count84
\c@paragraph=\count85
\c@subparagraph=\count86
\c@figure=\count87
\c@table=\count88
\abovecaptionskip=\skip41
\belowcaptionskip=\skip42
\bibindent=\dimen102
)
(/usr/share/texmf-texlive/tex/xelatex/xecjk/xeCJK.sty
Package: xeCJK 2009/09/30 2.3.10

(/usr/share/texmf-texlive/tex/generic/ifxetex/ifxetex.sty
Package: ifxetex 2009/01/23 v0.5 Provides ifxetex conditional
)
(/usr/share/texmf-texlive/tex/xelatex/fontspec/fontspec.sty
Package: fontspec 2008/08/09 v1.18 Advanced font selection for XeLaTeX
\c@zf@newff=\count89
\c@zf@index=\count90
\c@zf@script=\count91
\c@zf@language=\count92

(/usr/share/texmf-texlive/tex/latex/tools/calc.sty
Package: calc 2007/08/22 v4.3 Infix arithmetic (KKT,FJ)
\calc@Acount=\count93
\calc@Bcount=\count94
\calc@Adimen=\dimen103
\calc@Bdimen=\dimen104
\calc@Askip=\skip43
\calc@Bskip=\skip44
LaTeX Info: Redefining \setlength on input line 76.
LaTeX Info: Redefining \addtolength on input line 77.
\calc@Ccount=\count95
\calc@Cskip=\skip45
)
(/usr/share/texmf-texlive/tex/latex/xkeyval/xkeyval.sty
Package: xkeyval 2008/08/13 v2.6a package option processing (HA)

(/usr/share/texmf-texlive/tex/generic/xkeyval/xkeyval.tex
\XKV@toks=\toks14
\XKV@tempa@toks=\toks15
\XKV@depth=\count96
File: xkeyval.tex 2008/08/13 v2.6a key=value parser (HA)

(/usr/share/texmf-texlive/tex/generic/xkeyval/keyval.tex)))
(/usr/share/texmf-texlive/tex/latex/base/fontenc.sty
Package: fontenc 2005/09/27 v1.99g Standard LaTeX package

(/usr/share/texmf-texlive/tex/xelatex/euenc/eu1enc.def
File: eu1enc.def 2008/03/08 v0.1d Experimental unicode font encoding
)
LaTeX Font Info:    Try loading font information for EU1+lmr on input line 100.


(/usr/share/texmf-texlive/tex/xelatex/euenc/eu1lmr.fd
File: eu1lmr.fd 2007/01/14 v1.3 Font defs for Latin Modern
))
LaTeX Info: Redefining \itshape on input line 1163.
LaTeX Info: Redefining \slshape on input line 1166.
LaTeX Info: Redefining \scshape on input line 1169.
LaTeX Info: Redefining \upshape on input line 1172.

fontspec.cfg loaded.
(/usr/share/texmf-texlive/tex/xelatex/fontspec/fontspec.cfg))
\xeCJK@cnta=\count97
\xeCJK@cntb=\count98
\xeCJK@cntc=\count99
\xeCJK@cntd=\count100
\xeCJK@cnte=\count101
\xeCJK@dima=\dimen105
LaTeX Info: Redefining \rmfamily on input line 762.
LaTeX Info: Redefining \sffamily on input line 766.
LaTeX Info: Redefining \ttfamily on input line 770.
\xeCJK@featureadded=\count102
)
\c@zf@famc@Courier New=\count103
Package fontspec Info: Defining font family for 'Courier New'with options [] on
 input line 3.

(/usr/share/texmf-texlive/tex/latex/graphics/graphicx.sty
Package: graphicx 1999/02/16 v1.0f Enhanced LaTeX Graphics (DPC,SPQR)

(/usr/share/texmf-texlive/tex/latex/graphics/graphics.sty
Package: graphics 2009/02/05 v1.0o Standard LaTeX Graphics (DPC,SPQR)

(/usr/share/texmf-texlive/tex/latex/graphics/trig.sty
Package: trig 1999/03/16 v1.09 sin cos tan (DPC)
)
(/etc/texmf/tex/latex/config/graphics.cfg
File: graphics.cfg 2009/08/28 v1.8 graphics configuration of TeX Live
)
Package graphics Info: Driver file: xetex.def on input line 91.

(/usr/share/texmf-texlive/tex/xelatex/xetex-def/xetex.def
File: xetex.def 2009/11/22 v0.94 LaTeX color/graphics driver for XeTeX (RRM/JK)

))
\Gin@req@height=\dimen106
\Gin@req@width=\dimen107
)
(/usr/share/texmf-texlive/tex/latex/preprint/fullpage.sty
Package: fullpage 1999/02/23 1.1 (PWD)
\FP@margin=\skip46
)
(/usr/share/texmf-texlive/tex/latex/hyperref/hyperref.sty
Package: hyperref 2009/10/09 v6.79a Hypertext links for LaTeX

(/usr/share/texmf-texlive/tex/generic/oberdiek/ifpdf.sty
Package: ifpdf 2009/04/10 v2.0 Provides the ifpdf switch (HO)
Package ifpdf Info: pdfTeX in pdf mode not detected.
)
(/usr/share/texmf-texlive/tex/generic/oberdiek/ifvtex.sty
Package: ifvtex 2008/11/04 v1.4 Switches for detecting VTeX and its modes (HO)
Package ifvtex Info: VTeX not detected.
)
(/usr/share/texmf-texlive/tex/latex/oberdiek/hycolor.sty
Package: hycolor 2009/10/02 v1.5 Code for color options of hyperref/bookmark (H
O)

(/usr/share/texmf-texlive/tex/latex/oberdiek/xcolor-patch.sty
Package: xcolor-patch 2009/10/02 xcolor patch
))
\@linkdim=\dimen108
\Hy@linkcounter=\count104
\Hy@pagecounter=\count105

(/usr/share/texmf-texlive/tex/latex/hyperref/pd1enc.def
File: pd1enc.def 2009/10/09 v6.79a Hyperref: PDFDocEncoding definition (HO)
)
(/usr/share/texmf-texlive/tex/generic/oberdiek/etexcmds.sty
Package: etexcmds 2007/12/12 v1.2 Prefix for e-TeX command names (HO)

(/usr/share/texmf-texlive/tex/generic/oberdiek/infwarerr.sty
Package: infwarerr 2007/09/09 v1.2 Providing info/warning/message (HO)
)
Package etexcmds Info: Could not find \expanded.
(etexcmds)             That can mean that you are not using pdfTeX 1.50 or
(etexcmds)             that some package has redefined \expanded.
(etexcmds)             In the latter case, load this package earlier.
)
(/usr/share/texmf-texlive/tex/xelatex/xetexconfig/hyperref.cfg
File: hyperref.cfg 2008/07/11 v1.2 hyperref configuration for XeLaTeX
)
(/usr/share/texmf-texlive/tex/latex/oberdiek/kvoptions.sty
Package: kvoptions 2009/08/13 v3.4 Keyval support for LaTeX options (HO)

(/usr/share/texmf-texlive/tex/generic/oberdiek/kvsetkeys.sty
Package: kvsetkeys 2009/07/30 v1.5 Key value parser with default handler suppor
t (HO)
))
Package hyperref Info: Option `colorlinks' set `true' on input line 2864.
Package hyperref Info: Hyper figures OFF on input line 2975.
Package hyperref Info: Link nesting OFF on input line 2980.
Package hyperref Info: Hyper index ON on input line 2983.
Package hyperref Info: Plain pages OFF on input line 2990.
Package hyperref Info: Backreferencing OFF on input line 2995.

Implicit mode ON; LaTeX internals redefined
Package hyperref Info: Bookmarks ON on input line 3191.
(/usr/share/texmf-texlive/tex/latex/ltxmisc/url.sty
\Urlmuskip=\muskip10
Package: url 2006/04/12  ver 3.3  Verb mode for urls, etc.
)
LaTeX Info: Redefining \url on input line 3428.

(/usr/share/texmf-texlive/tex/generic/oberdiek/bitset.sty
Package: bitset 2007/09/28 v1.0 Data type bit set (HO)

(/usr/share/texmf-texlive/tex/generic/oberdiek/intcalc.sty
Package: intcalc 2007/09/27 v1.1 Expandable integer calculations (HO)
)
(/usr/share/texmf-texlive/tex/generic/oberdiek/bigintcalc.sty
Package: bigintcalc 2007/11/11 v1.1 Expandable big integer calculations (HO)

(/usr/share/texmf-texlive/tex/generic/oberdiek/pdftexcmds.sty
Package: pdftexcmds 2009/09/23 v0.6 LuaTeX support for pdfTeX utility functions
 (HO)

(/usr/share/texmf-texlive/tex/generic/oberdiek/ifluatex.sty
Package: ifluatex 2009/04/17 v1.2 Provides the ifluatex switch (HO)
Package ifluatex Info: LuaTeX not detected.
)
(/usr/share/texmf-texlive/tex/generic/oberdiek/ltxcmds.sty
Package: ltxcmds 2009/08/05 v1.0 Some LaTeX kernel commands for general use (HO
)
)
Package pdftexcmds Info: LuaTeX not detected.
Package pdftexcmds Info: pdfTeX >= 1.30 not detected.
Package pdftexcmds Info: \pdf@primitive is available.
Package pdftexcmds Info: \pdf@ifprimitive is available.
)))
\Fld@menulength=\count106
\Field@Width=\dimen109
\Fld@charsize=\dimen110
\Field@toks=\toks16
Package hyperref Info: Hyper figures OFF on input line 4377.
Package hyperref Info: Link nesting OFF on input line 4382.
Package hyperref Info: Hyper index ON on input line 4385.
Package hyperref Info: backreferencing OFF on input line 4392.
Package hyperref Info: Link coloring ON on input line 4395.
Package hyperref Info: Link coloring with OCG OFF on input line 4402.
Package hyperref Info: PDF/A mode OFF on input line 4407.

(/usr/share/texmf-texlive/tex/generic/oberdiek/atbegshi.sty
Package: atbegshi 2008/07/31 v1.9 At begin shipout hook (HO)
)
\Hy@abspage=\count107
\c@Item=\count108
\c@Hfootnote=\count109
)
*hyperref using default driver hdvipdfm*
(/usr/share/texmf-texlive/tex/latex/hyperref/hdvipdfm.def
File: hdvipdfm.def 2009/10/09 v6.79a Hyperref driver for dvipdfm
\pdfm@box=\box26
\c@Hy@AnnotLevel=\count110
\HyField@AnnotCount=\count111
\Fld@listcount=\count112
)
\c@zf@famc@WenQuanYi Micro Hei=\count113
Package fontspec Info: Defining font family for 'WenQuanYi Micro Hei'with optio
ns [BoldFont={WenQuanYi Micro Hei},BoldFeatures={RawFeature={embolden=4}},Itali
cFont={WenQuanYi Micro Hei},ItalicFeatures={RawFeature={slant=0.17}},BoldItalic
Font={WenQuanYi Micro Hei},BoldItalicFeatures={RawFeature={embolden=4,slant=0.1
7}}] on input line 9.
LaTeX Info: Redefining \xeCJK@font@rm on input line 9.
Package hyperref Info: Option `breaklinks' set `true' on input line 10.

(/usr/share/texmf-texlive/tex/latex/ltxmisc/framed.sty
Package: framed 2007/10/04 v 0.95: framed or shaded text with page breaks
\fb@frw=\dimen111
\fb@frh=\dimen112
\FrameRule=\dimen113
\FrameSep=\dimen114
)
(/usr/share/texmf-texlive/tex/latex/graphics/color.sty
Package: color 2005/11/14 v1.0j Standard LaTeX Color (DPC)

(/etc/texmf/tex/latex/config/color.cfg
File: color.cfg 2007/01/18 v1.5 color configuration of teTeX/TeXLive
)
Package color Info: Driver file: xetex.def on input line 130.
) (./sysvinit-main.aux)
\openout1 = `sysvinit-main.aux'.

LaTeX Font Info:    Checking defaults for OML/cmm/m/it on input line 27.
LaTeX Font Info:    ... okay on input line 27.
LaTeX Font Info:    Checking defaults for T1/cmr/m/n on input line 27.
LaTeX Font Info:    ... okay on input line 27.
LaTeX Font Info:    Checking defaults for OT1/cmr/m/n on input line 27.
LaTeX Font Info:    ... okay on input line 27.
LaTeX Font Info:    Checking defaults for OMS/cmsy/m/n on input line 27.
LaTeX Font Info:    ... okay on input line 27.
LaTeX Font Info:    Checking defaults for OMX/cmex/m/n on input line 27.
LaTeX Font Info:    ... okay on input line 27.
LaTeX Font Info:    Checking defaults for U/cmr/m/n on input line 27.
LaTeX Font Info:    ... okay on input line 27.
LaTeX Font Info:    Checking defaults for EU1/lmr/m/n on input line 27.
LaTeX Font Info:    ... okay on input line 27.
LaTeX Font Info:    Checking defaults for PD1/pdf/m/n on input line 27.
LaTeX Font Info:    ... okay on input line 27.
Package fontspec Info: Adjusting the maths setup (use [no-math] to avoid this).
 on input line 27.
\symlegacymaths=\mathgroup4
LaTeX Font Info:    Overwriting symbol font `legacymaths' in version `bold'
(Font)                  OT1/cmr/m/n --> OT1/cmr/bx/n on input line 27.
LaTeX Font Info:    Redeclaring math accent \acute on input line 27.
LaTeX Font Info:    Redeclaring math accent \grave on input line 27.
LaTeX Font Info:    Redeclaring math accent \ddot on input line 27.
LaTeX Font Info:    Redeclaring math accent \tilde on input line 27.
LaTeX Font Info:    Redeclaring math accent \bar on input line 27.
LaTeX Font Info:    Redeclaring math accent \breve on input line 27.
LaTeX Font Info:    Redeclaring math accent \check on input line 27.
LaTeX Font Info:    Redeclaring math accent \hat on input line 27.
LaTeX Font Info:    Redeclaring math accent \dot on input line 27.
LaTeX Font Info:    Redeclaring math accent \mathring on input line 27.
LaTeX Font Info:    Redeclaring math symbol \colon on input line 27.
LaTeX Font Info:    Redeclaring math symbol \Gamma on input line 27.
LaTeX Font Info:    Redeclaring math symbol \Delta on input line 27.
LaTeX Font Info:    Redeclaring math symbol \Theta on input line 27.
LaTeX Font Info:    Redeclaring math symbol \Lambda on input line 27.
LaTeX Font Info:    Redeclaring math symbol \Xi on input line 27.
LaTeX Font Info:    Redeclaring math symbol \Pi on input line 27.
LaTeX Font Info:    Redeclaring math symbol \Sigma on input line 27.
LaTeX Font Info:    Redeclaring math symbol \Upsilon on input line 27.
LaTeX Font Info:    Redeclaring math symbol \Phi on input line 27.
LaTeX Font Info:    Redeclaring math symbol \Psi on input line 27.
LaTeX Font Info:    Redeclaring math symbol \Omega on input line 27.
LaTeX Font Info:    Redeclaring math symbol \mathdollar on input line 27.
LaTeX Font Info:    Redeclaring symbol font `operators' on input line 27.
LaTeX Font Info:    Encoding `OT1' has changed to `EU1' for symbol font
(Font)              `operators' in the math version `normal' on input line 27.
LaTeX Font Info:    Overwriting symbol font `operators' in version `normal'
(Font)                  OT1/cmr/m/n --> EU1/CourierNew(0)/m/n on input line 27.

LaTeX Font Info:    Encoding `OT1' has changed to `EU1' for symbol font
(Font)              `operators' in the math version `bold' on input line 27.
LaTeX Font Info:    Overwriting symbol font `operators' in version `bold'
(Font)                  OT1/cmr/bx/n --> EU1/CourierNew(0)/m/n on input line 27
.
LaTeX Font Info:    Overwriting symbol font `operators' in version `normal'
(Font)                  EU1/CourierNew(0)/m/n --> EU1/CourierNew(0)/m/n on inpu
t line 27.
LaTeX Font Info:    Overwriting math alphabet `\mathrm' in version `normal'
(Font)                  EU1/CourierNew(0)/m/n --> EU1/CourierNew(0)/m/n on inpu
t line 27.
LaTeX Font Info:    Overwriting math alphabet `\mathit' in version `normal'
(Font)                  OT1/cmr/m/it --> EU1/CourierNew(0)/m/it on input line 2
7.
LaTeX Font Info:    Overwriting math alphabet `\mathbf' in version `normal'
(Font)                  OT1/cmr/bx/n --> EU1/CourierNew(0)/bx/n on input line 2
7.
LaTeX Font Info:    Overwriting math alphabet `\mathsf' in version `normal'
(Font)                  OT1/cmss/m/n --> EU1/lmss/m/n on input line 27.
LaTeX Font Info:    Overwriting math alphabet `\mathtt' in version `normal'
(Font)                  OT1/cmtt/m/n --> EU1/lmtt/m/n on input line 27.
LaTeX Font Info:    Overwriting symbol font `operators' in version `bold'
(Font)                  EU1/CourierNew(0)/m/n --> EU1/CourierNew(0)/bx/n on inp
ut line 27.
LaTeX Font Info:    Overwriting math alphabet `\mathrm' in version `bold'
(Font)                  EU1/CourierNew(0)/m/n --> EU1/CourierNew(0)/bx/n on inp
ut line 27.
LaTeX Font Info:    Overwriting math alphabet `\mathit' in version `bold'
(Font)                  OT1/cmr/bx/it --> EU1/CourierNew(0)/bx/it on input line
 27.
LaTeX Font Info:    Overwriting math alphabet `\mathsf' in version `bold'
(Font)                  OT1/cmss/bx/n --> EU1/lmss/bx/n on input line 27.
LaTeX Font Info:    Overwriting math alphabet `\mathtt' in version `bold'
(Font)                  OT1/cmtt/m/n --> EU1/lmtt/bx/n on input line 27.
Package hyperref Info: Link coloring ON on input line 27.

(/usr/share/texmf-texlive/tex/latex/hyperref/nameref.sty
Package: nameref 2007/05/29 v2.31 Cross-referencing by name of section

(/usr/share/texmf-texlive/tex/latex/oberdiek/refcount.sty
Package: refcount 2008/08/11 v3.1 Data extraction from references (HO)
)
\c@section@level=\count114
)
LaTeX Info: Redefining \ref on input line 27.
LaTeX Info: Redefining \pageref on input line 27.

(./sysvinit-main.out) (./sysvinit-main.out)
\@outlinefile=\write3
\openout3 = `sysvinit-main.out'.

\AtBeginShipoutBox=\box27
LaTeX Font Info:    External font `cmex10' loaded for size
(Font)              <14.4> on input line 33.
LaTeX Font Info:    External font `cmex10' loaded for size
(Font)              <7> on input line 33.
 [1


] [2

] (./sysvinit-main.toc
LaTeX Font Info:    External font `cmex10' loaded for size
(Font)              <12> on input line 2.
LaTeX Font Info:    External font `cmex10' loaded for size
(Font)              <8> on input line 2.
LaTeX Font Info:    External font `cmex10' loaded for size
(Font)              <6> on input line 2.

[3]
Overfull \hbox (4.80707pt too wide) detected at line 56
\EU1/CourierNew(0)/m/n/12 2.3.10 
 []


Overfull \hbox (4.80707pt too wide) detected at line 59
\EU1/CourierNew(0)/m/n/12 2.3.11 
 []


Overfull \hbox (4.80707pt too wide) detected at line 62
\EU1/CourierNew(0)/m/n/12 2.3.12 
 []


Overfull \hbox (4.80707pt too wide) detected at line 65
\EU1/CourierNew(0)/m/n/12 2.3.13 
 []


Overfull \hbox (4.80707pt too wide) detected at line 68
\EU1/CourierNew(0)/m/n/12 2.3.14 
 []


Overfull \hbox (4.80707pt too wide) detected at line 71
\EU1/CourierNew(0)/m/n/12 2.3.15 
 []


Overfull \hbox (4.80707pt too wide) detected at line 74
\EU1/CourierNew(0)/m/n/12 2.3.16 
 []


Overfull \hbox (4.80707pt too wide) detected at line 77
\EU1/CourierNew(0)/m/n/12 2.3.17 
 []


Overfull \hbox (4.80707pt too wide) detected at line 80
\EU1/CourierNew(0)/m/n/12 2.3.18 
 []


Overfull \hbox (4.80707pt too wide) detected at line 98
\EU1/CourierNew(0)/m/n/12 3.1.10 
 []


Overfull \hbox (4.80707pt too wide) detected at line 101
\EU1/CourierNew(0)/m/n/12 3.1.11 
 []


Overfull \hbox (4.80707pt too wide) detected at line 103
\EU1/CourierNew(0)/m/n/12 3.1.12 
 []


Overfull \hbox (4.80707pt too wide) detected at line 104
\EU1/CourierNew(0)/m/n/12 3.1.13 
 []


Overfull \hbox (4.80707pt too wide) detected at line 105
\EU1/CourierNew(0)/m/n/12 3.1.14 
 []


Overfull \hbox (4.80707pt too wide) detected at line 106
\EU1/CourierNew(0)/m/n/12 3.1.15 
 []


Overfull \hbox (4.80707pt too wide) detected at line 107
\EU1/CourierNew(0)/m/n/12 3.1.16 
 []


Overfull \hbox (4.80707pt too wide) detected at line 108
\EU1/CourierNew(0)/m/n/12 3.1.17 
 []

[4] [5]
Overfull \hbox (3.00348pt too wide) detected at line 193
 []\EU1/CourierNew(0)/m/n/12 101
 []


Overfull \hbox (3.00348pt too wide) detected at line 194
 []\EU1/CourierNew(0)/m/n/12 101
 []


Overfull \hbox (3.00348pt too wide) detected at line 195
 []\EU1/CourierNew(0)/m/n/12 101
 []


Overfull \hbox (3.00348pt too wide) detected at line 196
 []\EU1/CourierNew(0)/m/n/12 102
 []


Overfull \hbox (3.00348pt too wide) detected at line 197
 []\EU1/CourierNew(0)/m/n/12 102
 []


Overfull \hbox (3.00348pt too wide) detected at line 198
 []\EU1/CourierNew(0)/m/n/12 103
 []


Overfull \hbox (3.00348pt too wide) detected at line 199
 []\EU1/CourierNew(0)/m/n/12 103
 []

)
\tf@toc=\write4
\openout4 = `sysvinit-main.toc'.

 (./sysvinit-new.tex [6]
Chapter 1.
LaTeX Font Info:    Try loading font information for OMS+CourierNew(0) on input
 line 32.
LaTeX Font Info:    No file OMSCourierNew(0).fd. on input line 32.
LaTeX Font Info:    Font shape `OMS/CourierNew(0)/m/n' undefined
(Font)              using `OMS/cmsy/m/n' instead
(Font)              for symbol `textbullet' on input line 32.

Package xeCJK Warning: Unknown CJK family `tt' is ignored.
Use \setCJKfamilyfont to define a CJK family. on input line 32.

LaTeX Font Info:    Try loading font information for EU1+lmtt on input line 32.

(/usr/share/texmf-texlive/tex/xelatex/euenc/eu1lmtt.fd
File: eu1lmtt.fd 2007/01/14 v1.3 Font defs for Latin Modern
)
LaTeX Font Info:    Try loading font information for OT1+CourierNew(0) on input
 line 39.
LaTeX Font Info:    No file OT1CourierNew(0).fd. on input line 39.
LaTeX Font Info:    Font shape `OT1/CourierNew(0)/bx/n' undefined
(Font)              using `OT1/cmr/m/n' instead
(Font)              for symbol `textendash' on input line 39.
 [7

] [8] [9]
File: ./figures/sys.png Graphic file (type QTm)

<use  "./figures/sys.png" > [10]
Chapter 2.
[11

]
Underfull \vbox (badness 10000) detected at line 239
 []


Underfull \vbox (badness 10000) detected at line 239
 []

[12] [13]
File: ./pictures/1-1-wget.png Graphic file (type QTm)
 <use  "./pictures/1-1-wget.png" >
Underfull \vbox (badness 1308) has occurred while \output is active []

 [14]
Overfull \hbox (43.4918pt too wide) in paragraph at lines 333--333
[]\EU1/lmtt/m/n/12 $ wget http://download.savannah.gnu.org/releases/sysvinit/sy
svinit-latest.tar.bz2[] 
 []


Overfull \hbox (152.65977pt too wide) in paragraph at lines 333--333
[]\EU1/lmtt/m/n/12 --2013-06-22 13:18:30--  http://download.savannah.gnu.org/re
leases/sysvinit/sysvinit-latest.tar.bz2[] 
 []


Overfull \hbox (35.23997pt too wide) in paragraph at lines 333--333
[]\EU1/lmtt/m/n/12 Resolving download.savannah.gnu.org (download.savannah.gnu.o
rg)... 140.186.70.73[] 
 []


Overfull \hbox (150.59987pt too wide) in paragraph at lines 333--333
[]\EU1/lmtt/m/n/12 Connecting to download.savannah.gnu.org (download.savannah.g
nu.org)|140.186.70.73|:80... connected.[] 
 []


Overfull \hbox (191.81189pt too wide) in paragraph at lines 333--333
[]\EU1/lmtt/m/n/12 Location: http://download.savannah.gnu.org/releases-redirect
/sysvinit/sysvinit-latest.tar.bz2 [following][] 
 []


Overfull \hbox (208.27986pt too wide) in paragraph at lines 333--333
[]\EU1/lmtt/m/n/12 --2013-06-22 13:18:31--  http://download.savannah.gnu.org/re
leases-redirect/sysvinit/sysvinit-latest.tar.bz2[] 
 []


Overfull \hbox (92.93185pt too wide) in paragraph at lines 333--333
[]\EU1/lmtt/m/n/12 Location: http://ftp.twaren.net/Unix/NonGNU//sysvinit/sysvin
it-latest.tar.bz2 [following][] 
 []


Overfull \hbox (109.39983pt too wide) in paragraph at lines 333--333
[]\EU1/lmtt/m/n/12 --2013-06-22 13:18:32--  http://ftp.twaren.net/Unix/NonGNU//
sysvinit/sysvinit-latest.tar.bz2[] 
 []


Overfull \hbox (20.80806pt too wide) in paragraph at lines 333--333
[]\EU1/lmtt/m/n/12 Resolving ftp.twaren.net (ftp.twaren.net)... 140.110.123.9, 
2001:e10:5c00:5::9[] 
 []


Overfull \hbox (14.63997pt too wide) in paragraph at lines 333--333
[]\EU1/lmtt/m/n/12 Connecting to ftp.twaren.net (ftp.twaren.net)|140.110.123.9|
:80... connected.[] 
 []


Overfull \hbox (33.18002pt too wide) in paragraph at lines 333--333
[]\EU1/lmtt/m/n/12 2013-06-22 13:18:35 (45.1 KB/s) - `sysvinit-latest.tar.bz2' 
saved [105551/105551][] 
 []

[15]
File: ./pictures/1-2-tar.png Graphic file (type QTm)
 <use  "./pictures/1-2-tar.png" > [16]
Underfull \vbox (badness 10000) detected at line 427
 []


Overfull \vbox (2.55713pt too high) detected at line 427
 []

[17] [18] [19] [20]
Overfull \hbox (22.89201pt too wide) in paragraph at lines 569--569
[]\EU1/lmtt/m/n/12 for i in init halt shutdown runlevel killall5 fstab-decode s
ulogin bootlogd; do \[] 
 []


Overfull \hbox (348.372pt too wide) in paragraph at lines 569--569
[]\EU1/lmtt/m/n/12 for i in halt.8 init.8 killall5.8 pidof.8 poweroff.8 reboot.
8 runlevel.8 shutdown.8 telinit.8 fstab-decode.8 sulogin.8 bootlogd.8; do \[] 
 []

[21] [22] [23] [24] [25]
Underfull \hbox (badness 1810) in paragraph at lines 774--774
[]    \rm/m/n/12 Âú® Á≥ª Áªü Âºï ÂØº Êúü Èó¥ Êâß Ë°å Êú¨ Ëøõ Á®ã\EU1/lmtt/m/n/1
2 . \rm/m/n/12 Âπ∂ ‰∏î \EU1/lmtt/m/n/12 init \rm/m/n/12 Á≠â ÂæÖ ËØ• Ëøõ Á®ã ÁöÑ
 Áªì Êùü
 []

[26]
Overfull \hbox (11.28302pt too wide) in paragraph at lines 777--779
[]\rm/m/n/12 Ë¶Å Êâß Ë°å ÁöÑ Á®ã Â∫è Êàñ ËÄÖ ËÑö Êú¨ ÁöÑ Âêç Áß∞Ôºå| Â∏∏ ËßÅ Áö
Ñ Êúâ \EU1/CourierNew(0)/m/n/12 getty\rm/m/n/12 Ôºå/etc/init.d/rcS, /etc/rc.d/r
c.sysinit,
 []


Underfull \hbox (badness 5847) in paragraph at lines 782--784
[]\rm/m/n/12 ÂèÇ ËÄÉ ËµÑ Êñô\EU1/CourierNew(0)/m/n/12 :[][]$[][][][] [] [] [] [
][][] [] [][][][][][][][] [] [][][] [] [][][] [] [][][][][][] [] [][][][][][] [
] [][] [] [][][][]$[][] [][]$[][][][] []
 []

[27] [28] [29] [30]
Overfull \hbox (78.51193pt too wide) in paragraph at lines 1032--1032
[]\EU1/lmtt/m/n/12 last  [-R] [-num] [ -n num ] [-adFiowx] [ -f file ] [ -t YYY
YMMDDHHMMSS] [name...]  [tty...][] 
 []

[31] [32] [33] [34] [35] [36] [37] [38

]
Chapter 3.

Underfull \vbox (badness 1867) has occurred while \output is active []

 [39]
Overfull \hbox (10.53198pt too wide) in paragraph at lines 1346--1346
[]\EU1/lmtt/m/n/12 00124 sig_atomic_t got_cont = 0;      /* Set if we received 
the SIGCONT signal */[] 
 []


Overfull \hbox (10.51999pt too wide) in paragraph at lines 1346--1346
[]\EU1/lmtt/m/n/12 00129 int wrote_wtmp_rlevel = 1;      /* Set when we wrote t
he runlevel record */[] 
 []


Overfull \hbox (10.53198pt too wide) in paragraph at lines 1346--1346
[]\EU1/lmtt/m/n/12 00130 int wrote_utmp_rlevel = 1;      /* Set when we wrote t
he runlevel record */[] 
 []

[40]
Underfull \vbox (badness 7631) has occurred while \output is active []

 [41]
Underfull \hbox (badness 3333) in paragraph at lines 1414--1414
[]\EU1/lmtt/m/n/12 1. \rm/m/n/12 Ë∞É Áî® \EU1/lmtt/m/n/12 init_reboot \rm/m/n/1
2 ÂÆè ÂÆö ‰πâ |ÔºàÂÖ∂ ÂÆû Â∞± ÊòØ \EU1/lmtt/m/n/12 reboot \rm/m/n/12 ÂáΩ Êï∞Ôºâ
| Âëä ËØâ ÂÜÖ Ê†∏Ôºå|
 []

[42]
File: ./figures/init_main.png Graphic file (type QTm)
 <use  "./figures/init_main.png" > [43]
LaTeX Font Info:    Try loading font information for OML+CourierNew(0) on input
 line 1469.
LaTeX Font Info:    No file OMLCourierNew(0).fd. on input line 1469.
LaTeX Font Info:    Font shape `OML/CourierNew(0)/m/n' undefined
(Font)              using `OML/cmm/m/it' instead
(Font)              for symbol `textgreater' on input line 1469.
 [44] [45]
Underfull \hbox (badness 10000) in paragraph at lines 1541--1541
[]\EU1/lmtt/m/n/12 3. \rm/m/n/12 ‰Ωø Áî® \EU1/lmtt/m/n/12 strsep \rm/m/n/12 ÂáΩ
 Êï∞Ôºå| ‰ª• \EU1/lmtt/m/n/12 : \rm/m/n/12 ÂÜí Âè∑ ‰Ωú ‰∏∫ Èó¥ Èöî Á¨¶ Âè∑Ôºå| 
‰æù Ê¨° Êâæ
 []

[46] [47]
Underfull \hbox (badness 2856) in paragraph at lines 1591--1591
[]\EU1/lmtt/m/n/12 5. \rm/m/n/12 ‰∏ä Ëø∞ Ê≠• È™§ ÂÆå Êàê ‰πã ÂêéÔºå| Áà∂ Ëøõ Á®
ã Âèà ‰ºö Âàõ Âª∫ Âá∫ ‰∏Ä ‰∏™ ‰∏¥ Êó∂ ÁöÑ Â≠ê Ëøõ Á®ãÔºå| Êù• ÂÆå
 []

[48]
Underfull \hbox (badness 1226) in paragraph at lines 1611--1611
[]\EU1/lmtt/m/n/12 5. \rm/m/n/12 Â¶Ç Êûú ÂΩì Ââç \EU1/lmtt/m/n/12 runlevel \rm/
m/n/12 ÊòØ \EU1/lmtt/m/n/12 'S'\rm/m/n/12 Ôºå| Âàô ‰ª£ Ë°® ÁùÄ \EU1/lmtt/m/n/12
 SU \rm/m/n/12 Ê®° Âºè Â∑≤ Áªè Áªì ÊùüÔºå| Èáç Êñ∞ Ë∞É
 []

[49] [50] [51]
Overfull \hbox (2.26802pt too wide) in paragraph at lines 1748--1748
[]\EU1/lmtt/m/n/12 38) SIGRTMIN+4  39) SIGRTMIN+5  40) SIGRTMIN+6  41) SIGRTMIN
+7  42) SIGRTMIN+8[] 
 []


Overfull \hbox (14.628pt too wide) in paragraph at lines 1748--1748
[]\EU1/lmtt/m/n/12 43) SIGRTMIN+9  44) SIGRTMIN+10 45) SIGRTMIN+11 46) SIGRTMIN
+12 47) SIGRTMIN+13[] 
 []


Overfull \hbox (16.70001pt too wide) in paragraph at lines 1748--1748
[]\EU1/lmtt/m/n/12 48) SIGRTMIN+14 49) SIGRTMIN+15 50) SIGRTMAX-14 51) SIGRTMAX
-13 52) SIGRTMAX-12[] 
 []


Overfull \hbox (6.38803pt too wide) in paragraph at lines 1748--1748
[]\EU1/lmtt/m/n/12 53) SIGRTMAX-11 54) SIGRTMAX-10 55) SIGRTMAX-9  56) SIGRTMAX
-8  57) SIGRTMAX-7[] 
 []


Overfull \hbox (2.23206pt too wide) in paragraph at lines 1748--1748
[]\EU1/lmtt/m/n/12 58) SIGRTMAX-6  59) SIGRTMAX-5  60) SIGRTMAX-4  61) SIGRTMAX
-3  62) SIGRTMAX-2[] 
 []

[52] [53] [54]
File: ./figures/how-to-exec-init-1.png Graphic file (type QTm)
 <use  "./figures/how-to-exec-init-1.png" >
File: ./figures/how-to-exec-init-2.png Graphic file (type QTm)

<use  "./figures/how-to-exec-init-2.png" > [55] [56] [57]
File: ./figures/how-to-exec-init-3.png Graphic file (type QTm)

<use  "./figures/how-to-exec-init-3.png" >
File: ./figures/how-to-exec-init.png Graphic file (type QTm)

<use  "./figures/how-to-exec-init.png" >

LaTeX Warning: Float too large for page by 53.14871pt on input line 1903.

[58] [59] [60] [61] [62]
File: ./figures/halt.png Graphic file (type QTm)
 <use  "./figures/halt.png" > [63] [64]
Underfull \hbox (badness 10000) in paragraph at lines 2148--2148
[]\EU1/lmtt/m/n/12 4. \rm/m/n/12 ‰ªé Ê†á ÂáÜ Ëæì ÂÖ• ËØª Âèñ Áî® Êà∑ Ëæì ÂÖ• Áö
Ñ ÂØÜ Á†Å Â≠ó Á¨¶ ‰∏≤Ôºå| Â≠ò Êîæ Âú® Èùô ÊÄÅ Âèò
 []

[65] [66] [67] [68]
Overfull \hbox (76.45186pt too wide) in paragraph at lines 2329--2329
[]\EU1/lmtt/m/n/12 01033                                         xmemalign((voi
d*)&optr, sizeof(void*), alignof(OMIT));[] 
 []

[69] [70] [71]
Overfull \hbox (10.53189pt too wide) in paragraph at lines 2464--2464
[]\EU1/lmtt/m/n/12 01075                 if (p->pid == 1 || p->pid == pid || p-
>sid == sid || p->kernel)[] 
 []

[72]
Overfull \hbox (12.89001pt too wide) in paragraph at lines 2478--2479
[]\rm/m/n/12 ÈÄö Ëøá Ë∞É Áî® \EU1/CourierNew(0)/m/n/12 closelog() \rm/m/n/12 Âá
Ω Êï∞ Êù• Ê≠£ Â∏∏ ÂÖ≥ Èó≠ Êó• ÂøóÔºå| Êó• Âøó ÁöÑ Êñá ‰ª∂ ÊòØ\EU1/CourierNew(0)
/m/n/12 /var/log/sysvinit\rm/m/n/12 „ÄÇ| 
 []

[73] [74]
Overfull \hbox (2.28pt too wide) in paragraph at lines 2597--2597
[]\EU1/lmtt/m/n/12 00868         if ((token = getenv("PIDOF_NETFS")) && (strcmp
(token,"no") != 0))[] 
 []


Overfull \hbox (6.41194pt too wide) in paragraph at lines 2597--2597
[]\EU1/lmtt/m/n/12 00873                         nsyslog(LOG_ERR,"invalid optio
ns on command line!\n");[] 
 []


Overfull \hbox (43.46791pt too wide) in paragraph at lines 2597--2597
[]\EU1/lmtt/m/n/12 00896                                 xmemalign((void*)&optr
, sizeof(void*), alignof(OMIT));[] 
 []

[75] [76]
Overfull \hbox (2.27989pt too wide) in paragraph at lines 2617--2617
[]\EU1/lmtt/m/n/12 00931                 init_nfs();             /* Which netwo
rk based FS are online? */[] 
 []


Overfull \hbox (2.27982pt too wide) in paragraph at lines 2670--2670
[]\EU1/lmtt/m/n/12 00942                                         for (optr = om
it; optr; optr = optr->next) {[] 
 []

[77] [78] [79]
Overfull \hbox (959.81976pt too wide) in paragraph at lines 2753--2753
[]\EU1/lmtt/m/n/12 17500 (bash) S 17492 17500 17500 34816 17500 4202496 20014 5
614681 596 17984 91 163 41923 13952 20 0 1 0 4974766 8609792 413 4294967295 134
512640 135410880 3214451152 3214448040 3078423588 0 0 3686404 1266761467 324149
4555 0 0 17 0 0 0 174 0 0[] 
 []

[80] [81] [82] [83] [84

]
Chapter 4.
[85] [86]
Overfull \hbox (57.89993pt too wide) in paragraph at lines 2991--2991
[]\EU1/lmtt/m/n/12 Get:1 http://mirrors.ustc.edu.cn/ubuntu/ precise/universe tw
eak i386 3.01-7 [45.3 kB][] 
 []

[87]
File: ./pictures/hack-daemon-init.png Graphic file (type QTm)
 <use  "./pictures/hack-daemon-init.png" > [88]
File: ./pictures/hack-init-fifo.png Graphic file (type QTm)

<use  "./pictures/hack-init-fifo.png" > [89]
LaTeX Font Info:    Font shape `OT1/CourierNew(0)/m/n' undefined
(Font)              using `OT1/cmr/m/n' instead
(Font)              for symbol `textdollar' on input line 3095.
 [90] [91]
Overfull \hbox (127.9516pt too wide) in paragraph at lines 3139--3139
[]\EU1/lmtt/m/n/12 ACTION=addDEVPATH=/../data/local/tmpSUBSYSTEM=firmwareFIRMWA
RE=../../../data/local/tmp/hotplug[] 
 []


Overfull \hbox (77.8324pt too wide) in paragraph at lines 3148--3151
[]\rm/m/n/12 ÊúÄ Âêé Âú® ÂÜÖ Ê†∏ \EU1/CourierNew(0)/m/n/12 load[]firmware \rm/m
/n/12 ÂáΩ Êï∞\EU1/CourierNew(0)/m/n/12 , \rm/m/n/12 Êää \EU1/CourierNew(0)/m/n/
12 hotplug \rm/m/n/12 ‰∏≠ ÁöÑ Êï∞ ÊçÆ ÂÜô Âà∞\EU1/CourierNew(0)/m/n/12 /proc/sy
s/kernel/hotplug
 []

[92]
Chapter 5.
[93

]
File: ./pictures/start_kernel.png Graphic file (type QTm)
 <use  "./pictures/start_kernel.png" > [94]
File: ./pictures/parse_options.png Graphic file (type QTm)

<use  "./pictures/parse_options.png" > [95] [96]
File: ./pictures/init.png Graphic file (type QTm)
 <use  "./pictures/init.png" >
[97] [98]
File: ./figures/kernel2init.png Graphic file (type QTm)
 <use  "./figures/kernel2init.png" > [99] [100]
Overfull \hbox (68.21191pt too wide) in paragraph at lines 3387--3387
[] \EU1/lmtt/m/n/12 104 #define SETSIG(sa, sig, fun, flags)     INITDBG(L_VB, "
setsig %s : %s\t", #sig, #fun)[] 
 []

[101]
Overfull \hbox (86.75194pt too wide) in paragraph at lines 3409--3409
[]\EU1/lmtt/m/n/12 2278         initlog(L_VB, "request: %d, runlevel: %c\n", re
quest.cmd, request.r     unlevel);[] 
 []

File: ./pictures/init-daemon-begin.png Graphic file (type QTm)
<use  "./pictures/init-daemon-begin.png" > [102]
File: ./pictures/switch-to-runlevels.png Graphic file (type QTm)

<use  "./pictures/switch-to-runlevels.png" >
File: ./pictures/init-daemon-trans.png Graphic file (type QTm)

<use  "./pictures/init-daemon-trans.png" >) [103] [104] (./sysvinit-main.aux)
LaTeX Font Info:    Some font shapes were not available, defaults substituted.
 ) 
Here is how much of TeX's memory you used:
 6358 strings out of 495713
 108793 string characters out of 1188883
 223209 words of memory out of 3000000
 9354 multiletter control sequences out of 15000+50000
 7529 words of font info for 56 fonts, out of 3000000 for 9000
 28 hyphenation exceptions out of 8191
 38i,6n,44p,471b,424s stack positions out of 5000i,500n,10000p,200000b,50000s

Output written on sysvinit-main.pdf (104 pages).
